<?xml version="1.0" encoding="UTF-8"?>
<testsuite xmlns:xsi="http://www.w3.org/2001/XMLSchema-instance" xsi:schemaLocation="https://maven.apache.org/surefire/maven-surefire-plugin/xsd/surefire-test-report.xsd" name="com.glue.RunnerTest" time="45.762" tests="21" errors="0" skipped="0" failures="0">
  <properties>
    <property name="java.runtime.name" value="OpenJDK Runtime Environment"/>
    <property name="java.vm.version" value="11.0.3+7-Ubuntu-1ubuntu218.04.1"/>
    <property name="sun.boot.library.path" value="/usr/lib/jvm/java-11-openjdk-amd64/lib"/>
    <property name="maven.multiModuleProjectDirectory" value="/home/danilo/Documents/Cucumber-java"/>
    <property name="java.vm.vendor" value="Oracle Corporation"/>
    <property name="java.vendor.url" value="http://java.oracle.com/"/>
    <property name="guice.disable.misplaced.annotation.check" value="true"/>
    <property name="path.separator" value=":"/>
    <property name="java.vm.name" value="OpenJDK 64-Bit Server VM"/>
    <property name="sun.os.patch.level" value="unknown"/>
    <property name="user.country" value="US"/>
    <property name="sun.java.launcher" value="SUN_STANDARD"/>
    <property name="java.vm.specification.name" value="Java Virtual Machine Specification"/>
    <property name="user.dir" value="/home/danilo/Documents/Cucumber-java"/>
    <property name="java.vm.compressedOopsMode" value="32-bit"/>
    <property name="java.runtime.version" value="11.0.3+7-Ubuntu-1ubuntu218.04.1"/>
    <property name="java.awt.graphicsenv" value="sun.awt.X11GraphicsEnvironment"/>
    <property name="os.arch" value="amd64"/>
    <property name="java.io.tmpdir" value="/tmp"/>
    <property name="line.separator" value="&#10;"/>
    <property name="java.vm.specification.vendor" value="Oracle Corporation"/>
    <property name="os.name" value="Linux"/>
    <property name="classworlds.conf" value="/opt/apache-maven-3.6.1/bin/m2.conf"/>
    <property name="sun.jnu.encoding" value="UTF-8"/>
    <property name="java.library.path" value="/usr/java/packages/lib:/usr/lib/x86_64-linux-gnu/jni:/lib/x86_64-linux-gnu:/usr/lib/x86_64-linux-gnu:/usr/lib/jni:/lib:/usr/lib"/>
    <property name="maven.conf" value="/opt/apache-maven-3.6.1/conf"/>
    <property name="jdk.debug" value="release"/>
    <property name="java.class.version" value="55.0"/>
    <property name="java.specification.name" value="Java Platform API Specification"/>
    <property name="sun.management.compiler" value="HotSpot 64-Bit Tiered Compilers"/>
    <property name="os.version" value="4.15.0-51-generic"/>
    <property name="library.jansi.path" value="/opt/apache-maven-3.6.1/lib/jansi-native"/>
    <property name="user.home" value="/home/danilo"/>
    <property name="user.timezone" value="America/Sao_Paulo"/>
    <property name="java.awt.printerjob" value="sun.print.PSPrinterJob"/>
    <property name="file.encoding" value="UTF-8"/>
    <property name="java.specification.version" value="11"/>
    <property name="user.name" value="danilo"/>
    <property name="java.class.path" value="/opt/apache-maven-3.6.1/boot/plexus-classworlds-2.6.0.jar"/>
    <property name="java.vm.specification.version" value="11"/>
    <property name="sun.arch.data.model" value="64"/>
    <property name="sun.java.command" value="org.codehaus.plexus.classworlds.launcher.Launcher test"/>
    <property name="java.home" value="/usr/lib/jvm/java-11-openjdk-amd64"/>
    <property name="user.language" value="en"/>
    <property name="java.specification.vendor" value="Oracle Corporation"/>
    <property name="awt.toolkit" value="sun.awt.X11.XToolkit"/>
    <property name="java.vm.info" value="mixed mode, sharing"/>
    <property name="java.version" value="11.0.3"/>
    <property name="securerandom.source" value="file:/dev/./urandom"/>
    <property name="java.vendor" value="Oracle Corporation"/>
    <property name="maven.home" value="/opt/apache-maven-3.6.1"/>
    <property name="file.separator" value="/"/>
    <property name="java.version.date" value="2019-04-16"/>
    <property name="java.vendor.url.bug" value="http://bugreport.java.com/bugreport/"/>
    <property name="sun.io.unicode.encoding" value="UnicodeLittle"/>
    <property name="sun.cpu.endian" value="little"/>
    <property name="sun.cpu.isalist" value=""/>
  </properties>
  <testcase name="Given that I&apos;m in login page" classname="Scenario: Client can create a new a account" time="0.002"/>
  <testcase name="Then I should be able to see the login page" classname="Scenario: Client can create a new a account" time="0"/>
  <testcase name="Given that I informe my email" classname="Scenario: Client can create a new a account" time="0"/>
  <testcase name="And I click in Prosseguir" classname="Scenario: Client can create a new a account" time="0"/>
  <testcase name="When I fill the mandatory fields" classname="Scenario: Client can create a new a account" time="0"/>
  <testcase name="And I press Continuar" classname="Scenario: Client can create a new a account" time="0.001"/>
  <testcase name="Then my new account is created" classname="Scenario: Client can create a new a account" time="0"/>
  <testcase name="Scenario: Client can create a new a account" classname="Scenario: Client can create a new a account" time="0.24"/>
  <testcase name="Given that I&apos;m in login page" classname="Scenario: Account can&apos;t be create if one of te mandatory fields is missing" time="0"/>
  <testcase name="Then I should be able to see the login page" classname="Scenario: Account can&apos;t be create if one of te mandatory fields is missing" time="0"/>
  <testcase name="Given that I informe my email" classname="Scenario: Account can&apos;t be create if one of te mandatory fields is missing" time="0"/>
  <testcase name="And I click in Prosseguir" classname="Scenario: Account can&apos;t be create if one of te mandatory fields is missing" time="0"/>
  <testcase name="When I do not all fill the mandatory fields" classname="Scenario: Account can&apos;t be create if one of te mandatory fields is missing" time="0"/>
  <testcase name="And I press Continuar" classname="Scenario: Account can&apos;t be create if one of te mandatory fields is missing" time="0.001"/>
  <testcase name="Then The error message is displayed" classname="Scenario: Account can&apos;t be create if one of te mandatory fields is missing" time="0"/>
  <testcase name="Scenario: Account can&apos;t be create if one of te mandatory fields is missing" classname="Scenario: Account can&apos;t be create if one of te mandatory fields is missing" time="0.128"/>
  <testcase name="Given that I&apos;m on the home page" classname="Scenario: Client can go to login page" time="0"/>
  <testcase name="When I click on Entrar" classname="Scenario: Client can go to login page" time="0"/>
  <testcase name="And I choose loggin" classname="Scenario: Client can go to login page" time="0"/>
  <testcase name="Then I&apos;m on loggin Page" classname="Scenario: Client can go to login page" time="0.001"/>
  <testcase name="Scenario: Client can go to login page" classname="Scenario: Client can go to login page" time="0.246"/>
</testsuite>